{
  message: 'fatal',
  level: 'fatal',
  timestamp: '2024-01-15T23:46:39.146Z'
}
{
  message: 'error',
  level: 'error',
  timestamp: '2024-01-15T23:46:39.155Z'
}
{
  message: 'fatal',
  level: 'fatal',
  timestamp: '2024-01-15T23:54:26.051Z'
}
{
  message: 'error',
  level: 'error',
  timestamp: '2024-01-15T23:54:26.059Z'
}
{
  code: 'ERR_HTTP_HEADERS_SENT',
  level: 'error',
  timestamp: '2024-01-23T01:05:52.581Z'
}
{
  code: 'ERR_HTTP_HEADERS_SENT',
  level: 'error',
  timestamp: '2024-01-23T01:07:50.251Z'
}
{
  name: 'TokenExpiredError',
  message: 'jwt expired',
  expiredAt: 2023-12-28T00:51:30.000Z,
  level: 'error',
  timestamp: '2024-01-28T23:32:48.263Z'
}
{
  code: 'MODULE_NOT_FOUND',
  requireStack: [
    'C:\\Users\\Caro\\Desktop\\BackEndCoder\\node_modules\\express\\lib\\view.js',
    'C:\\Users\\Caro\\Desktop\\BackEndCoder\\node_modules\\express\\lib\\application.js',
    'C:\\Users\\Caro\\Desktop\\BackEndCoder\\node_modules\\express\\lib\\express.js'
  ],
  level: 'error',
  timestamp: '2024-01-29T00:01:47.965Z'
}
{
  code: 'MODULE_NOT_FOUND',
  requireStack: [
    'C:\\Users\\Caro\\Desktop\\BackEndCoder\\node_modules\\express\\lib\\view.js',
    'C:\\Users\\Caro\\Desktop\\BackEndCoder\\node_modules\\express\\lib\\application.js',
    'C:\\Users\\Caro\\Desktop\\BackEndCoder\\node_modules\\express\\lib\\express.js'
  ],
  level: 'error',
  timestamp: '2024-01-29T00:04:09.650Z'
}
